[debug] [2021-01-08T17:07:08.745Z] ----------------------------------------------------------------------
[debug] [2021-01-08T17:07:08.749Z] Command:       C:\Program Files\nodejs\node.exe C:\Users\pc\AppData\Roaming\npm\node_modules\firebase-tools\lib\bin\firebase.js deploy
[debug] [2021-01-08T17:07:08.750Z] CLI Version:   9.1.2
[debug] [2021-01-08T17:07:08.750Z] Platform:      win32
[debug] [2021-01-08T17:07:08.750Z] Node Version:  v12.16.3
[debug] [2021-01-08T17:07:08.752Z] Time:          Fri Jan 08 2021 14:07:08 GMT-0300 (Chile Summer Time)
[debug] [2021-01-08T17:07:08.752Z] ----------------------------------------------------------------------
[debug] [2021-01-08T17:07:08.752Z] 
[debug] [2021-01-08T17:07:08.847Z] > command requires scopes: ["email","openid","https://www.googleapis.com/auth/cloudplatformprojects.readonly","https://www.googleapis.com/auth/firebase","https://www.googleapis.com/auth/cloud-platform"]
[debug] [2021-01-08T17:07:08.848Z] > authorizing via signed-in user
[debug] [2021-01-08T17:07:08.848Z] [iam] checking project survey-realtime for permissions ["firebase.projects.get","firebasehosting.sites.update"]
[debug] [2021-01-08T17:07:08.853Z] > refreshing access token with scopes: ["email","https://www.googleapis.com/auth/cloud-platform","https://www.googleapis.com/auth/cloudplatformprojects.readonly","https://www.googleapis.com/auth/firebase","openid"]
[debug] [2021-01-08T17:07:08.854Z] >>> HTTP REQUEST POST https://www.googleapis.com/oauth2/v3/token  
 <request body omitted>
[debug] [2021-01-08T17:07:12.394Z] <<< HTTP RESPONSE 200 {"pragma":"no-cache","expires":"Mon, 01 Jan 1990 00:00:00 GMT","date":"Fri, 08 Jan 2021 17:07:12 GMT","cache-control":"no-cache, no-store, max-age=0, must-revalidate","content-type":"application/json; charset=utf-8","vary":"X-Origin, Referer, Origin,Accept-Encoding","server":"scaffolding on HTTPServer2","x-xss-protection":"0","x-frame-options":"SAMEORIGIN","x-content-type-options":"nosniff","alt-svc":"h3-29=\":443\"; ma=2592000,h3-T051=\":443\"; ma=2592000,h3-Q050=\":443\"; ma=2592000,h3-Q046=\":443\"; ma=2592000,h3-Q043=\":443\"; ma=2592000,quic=\":443\"; ma=2592000; v=\"46,43\"","accept-ranges":"none","transfer-encoding":"chunked"}
[debug] [2021-01-08T17:07:12.479Z] >>> HTTP REQUEST POST https://cloudresourcemanager.googleapis.com/v1/projects/survey-realtime:testIamPermissions  
 {"permissions":["firebase.projects.get","firebasehosting.sites.update"]}
[debug] [2021-01-08T17:07:13.938Z] <<< HTTP RESPONSE 200 {"content-type":"application/json; charset=UTF-8","vary":"X-Origin, Referer, Origin,Accept-Encoding","date":"Fri, 08 Jan 2021 17:07:13 GMT","server":"ESF","cache-control":"private","x-xss-protection":"0","x-frame-options":"SAMEORIGIN","x-content-type-options":"nosniff","server-timing":"gfet4t7; dur=855","alt-svc":"h3-29=\":443\"; ma=2592000,h3-T051=\":443\"; ma=2592000,h3-Q050=\":443\"; ma=2592000,h3-Q046=\":443\"; ma=2592000,h3-Q043=\":443\"; ma=2592000,quic=\":443\"; ma=2592000; v=\"46,43\"","accept-ranges":"none","transfer-encoding":"chunked"}
[debug] [2021-01-08T17:07:13.940Z] >>> HTTP REQUEST GET https://firebase.googleapis.com/v1beta1/projects/survey-realtime  
 
[debug] [2021-01-08T17:07:14.583Z] <<< HTTP RESPONSE 200 {"content-type":"application/json; charset=UTF-8","vary":"X-Origin, Referer, Origin,Accept-Encoding","date":"Fri, 08 Jan 2021 17:07:14 GMT","server":"ESF","cache-control":"private","x-xss-protection":"0","x-frame-options":"SAMEORIGIN","x-content-type-options":"nosniff","alt-svc":"h3-29=\":443\"; ma=2592000,h3-T051=\":443\"; ma=2592000,h3-Q050=\":443\"; ma=2592000,h3-Q046=\":443\"; ma=2592000,h3-Q043=\":443\"; ma=2592000,quic=\":443\"; ma=2592000; v=\"46,43\"","accept-ranges":"none","transfer-encoding":"chunked"}
[info] 
[info] === Deploying to 'survey-realtime'...
[info] 
[info] i  deploying hosting 
[debug] [2021-01-08T17:07:14.620Z] >>> HTTP REQUEST POST https://firebasehosting.googleapis.com/v1beta1/sites/survey-realtime/versions  
 {"config":{"rewrites":[{"glob":"**","path":"/index.html"}]},"labels":{"deployment-tool":"cli-firebase"}}
[debug] [2021-01-08T17:07:16.738Z] <<< HTTP RESPONSE 200 {"content-type":"application/json; charset=UTF-8","vary":"X-Origin, Referer, Origin,Accept-Encoding","date":"Fri, 08 Jan 2021 17:07:16 GMT","server":"ESF","cache-control":"private","x-xss-protection":"0","x-frame-options":"SAMEORIGIN","x-content-type-options":"nosniff","alt-svc":"h3-29=\":443\"; ma=2592000,h3-T051=\":443\"; ma=2592000,h3-Q050=\":443\"; ma=2592000,h3-Q046=\":443\"; ma=2592000,h3-Q043=\":443\"; ma=2592000,quic=\":443\"; ma=2592000; v=\"46,43\"","accept-ranges":"none","transfer-encoding":"chunked"}
[info] i  hosting[survey-realtime]: beginning deploy... 
[info] i  hosting[survey-realtime]: found 18 files in build 
[debug] [2021-01-08T17:07:16.805Z] > refreshing access token with scopes: []
[debug] [2021-01-08T17:07:16.806Z] >>> HTTP REQUEST POST https://www.googleapis.com/oauth2/v3/token  
 <request body omitted>
[debug] [2021-01-08T17:07:16.811Z] [hosting] hash cache [YnVpbGQ] stored for 18 files
[debug] [2021-01-08T17:07:16.812Z] [hosting][hash queue][FINAL] {"max":3,"min":1,"avg":1,"active":0,"complete":18,"success":18,"errored":0,"retried":0,"total":18,"elapsed":13}
[debug] [2021-01-08T17:07:17.296Z] <<< HTTP RESPONSE 200 {"cache-control":"no-cache, no-store, max-age=0, must-revalidate","pragma":"no-cache","expires":"Mon, 01 Jan 1990 00:00:00 GMT","date":"Fri, 08 Jan 2021 17:07:17 GMT","content-type":"application/json; charset=utf-8","vary":"X-Origin, Referer, Origin,Accept-Encoding","server":"scaffolding on HTTPServer2","x-xss-protection":"0","x-frame-options":"SAMEORIGIN","x-content-type-options":"nosniff","alt-svc":"h3-29=\":443\"; ma=2592000,h3-T051=\":443\"; ma=2592000,h3-Q050=\":443\"; ma=2592000,h3-Q046=\":443\"; ma=2592000,h3-Q043=\":443\"; ma=2592000,quic=\":443\"; ma=2592000; v=\"46,43\"","accept-ranges":"none","transfer-encoding":"chunked"}
[debug] [2021-01-08T17:07:17.378Z] >>> [apiv2][query] POST https://firebasehosting.googleapis.com/v1beta1/sites/survey-realtime/versions/360b9baaf493394f:populateFiles [none]
[debug] [2021-01-08T17:07:17.378Z] >>> [apiv2][body] POST https://firebasehosting.googleapis.com/v1beta1/sites/survey-realtime/versions/360b9baaf493394f:populateFiles {"files":{"/asset-manifest.json":"63eb06959deb762fc359ca84fc81120031972d1942b515b358ca31e40292063d","/favicon.ico":"eae62e993eb980ec8a25058c39d5a51feab118bd2100c4deebb2a9c158ec11f9","/index.html":"9185762c2b64aaea396a58247483b8af0d59e8789965e2483e327b00d2e64a78","/logo192.png":"3ee59515172ee198f3be375979df15ac5345183e656720a381b8872b2a39dc8b","/logo512.png":"ee7e2f3fdb8209c4b6fd7bef6ba50d1b9dba30a25bb5c3126df057e1cb6f5331","/manifest.json":"aff3449bdc238776f5d6d967f19ec491b36aed5fb7f23ccff6500736fd58494a","/robots.txt":"bfe106a3fb878dc83461c86818bf74fc1bdc7f28538ba613cd3e775516ce8b49","/static/css/2.be2863b7.chunk.css":"74bcb025e2d951f9d4e8e9e8f724497493ea7f452cd3e7930913714e6fe6b426","/static/css/2.be2863b7.chunk.css.map":"738f48443d3b9464420a9496d24bdcf61773f959effd3141895f425666ca789e","/static/css/main.8f3007b1.chunk.css":"5567f5c2499419614d47b76d42fd790950f2ae5da0f95a699530d2d3ea8e29b5","/static/css/main.8f3007b1.chunk.css.map":"ce12b00c3a1ba8f0a29a285fe598d32b0b775948392bd5772c817024b7304c35","/static/js/2.98ae356f.chunk.js":"c79b9fece6c3ad3997eba61a251f6947569ed99adda92dad0a610f48d35099e1","/static/js/2.98ae356f.chunk.js.LICENSE.txt":"a153881f778ef5eaa983612f87a1ec60e5497238ed51ce72a99246fda3de4bb4","/static/js/2.98ae356f.chunk.js.map":"80a0404d3123a23596760d17cd666f92ff65358a60fcb2be7381c12e1be8eafe","/static/js/main.b2c4fe69.chunk.js":"1a33bbec2bba1e78d09297c1e1bdbf8dd7f33897fad4415978ba29933078c2c7","/static/js/main.b2c4fe69.chunk.js.map":"1240b944d2d8ba02ebba6b14243f01f8a6e856e0da0cd697e8f5d8be4e8dc919","/static/js/runtime-main.38e4c213.js":"e3b78bd35eb4e79ea27a1b1f22a5531f0f4d44873482db862e1073f2f5eb439e","/static/js/runtime-main.38e4c213.js.map":"75cb4fe8594a0354a57f65b48e7348ad0a9e6dbe4c3decb7c110e0e88c74bf13"}}
[debug] [2021-01-08T17:07:19.567Z] <<< [apiv2][status] POST https://firebasehosting.googleapis.com/v1beta1/sites/survey-realtime/versions/360b9baaf493394f:populateFiles 200
[debug] [2021-01-08T17:07:19.567Z] <<< [apiv2][body] POST https://firebasehosting.googleapis.com/v1beta1/sites/survey-realtime/versions/360b9baaf493394f:populateFiles {"uploadRequiredHashes":["80a0404d3123a23596760d17cd666f92ff65358a60fcb2be7381c12e1be8eafe"],"uploadUrl":"https://upload-firebasehosting.googleapis.com/upload/sites/survey-realtime/versions/360b9baaf493394f/files"}
[debug] [2021-01-08T17:07:19.570Z] >>> [apiv2][query] POST https://upload-firebasehosting.googleapis.com/upload/sites/survey-realtime/versions/360b9baaf493394f/files/80a0404d3123a23596760d17cd666f92ff65358a60fcb2be7381c12e1be8eafe [none]
[debug] [2021-01-08T17:07:19.570Z] >>> [apiv2][body] POST https://upload-firebasehosting.googleapis.com/upload/sites/survey-realtime/versions/360b9baaf493394f/files/80a0404d3123a23596760d17cd666f92ff65358a60fcb2be7381c12e1be8eafe [stream]
[debug] [2021-01-08T17:07:19.573Z] [hosting][populate queue][FINAL] {"max":2766,"min":2766,"avg":2766,"active":0,"complete":1,"success":1,"errored":0,"retried":0,"total":1,"elapsed":2769}
[debug] [2021-01-08T17:07:19.573Z] [hosting] uploads queued: 1
[debug] [2021-01-08T17:08:21.708Z] ----------------------------------------------------------------------
[debug] [2021-01-08T17:08:21.712Z] Command:       C:\Program Files\nodejs\node.exe C:\Users\pc\AppData\Roaming\npm\node_modules\firebase-tools\lib\bin\firebase.js deploy
[debug] [2021-01-08T17:08:21.713Z] CLI Version:   9.1.2
[debug] [2021-01-08T17:08:21.713Z] Platform:      win32
[debug] [2021-01-08T17:08:21.713Z] Node Version:  v12.16.3
[debug] [2021-01-08T17:08:21.715Z] Time:          Fri Jan 08 2021 14:08:21 GMT-0300 (Chile Summer Time)
[debug] [2021-01-08T17:08:21.715Z] ----------------------------------------------------------------------
[debug] [2021-01-08T17:08:21.715Z] 
[debug] [2021-01-08T17:08:21.731Z] > command requires scopes: ["email","openid","https://www.googleapis.com/auth/cloudplatformprojects.readonly","https://www.googleapis.com/auth/firebase","https://www.googleapis.com/auth/cloud-platform"]
[debug] [2021-01-08T17:08:21.732Z] > authorizing via signed-in user
[debug] [2021-01-08T17:08:21.733Z] [iam] checking project survey-realtime for permissions ["firebase.projects.get","firebasehosting.sites.update"]
[debug] [2021-01-08T17:08:21.738Z] > refreshing access token with scopes: ["email","https://www.googleapis.com/auth/cloud-platform","https://www.googleapis.com/auth/cloudplatformprojects.readonly","https://www.googleapis.com/auth/firebase","openid"]
[debug] [2021-01-08T17:08:21.739Z] >>> HTTP REQUEST POST https://www.googleapis.com/oauth2/v3/token  
 <request body omitted>
[debug] [2021-01-08T17:08:22.480Z] <<< HTTP RESPONSE 200 {"cache-control":"no-cache, no-store, max-age=0, must-revalidate","pragma":"no-cache","date":"Fri, 08 Jan 2021 17:08:22 GMT","expires":"Mon, 01 Jan 1990 00:00:00 GMT","content-type":"application/json; charset=utf-8","vary":"X-Origin, Referer, Origin,Accept-Encoding","server":"scaffolding on HTTPServer2","x-xss-protection":"0","x-frame-options":"SAMEORIGIN","x-content-type-options":"nosniff","alt-svc":"h3-29=\":443\"; ma=2592000,h3-T051=\":443\"; ma=2592000,h3-Q050=\":443\"; ma=2592000,h3-Q046=\":443\"; ma=2592000,h3-Q043=\":443\"; ma=2592000,quic=\":443\"; ma=2592000; v=\"46,43\"","accept-ranges":"none","transfer-encoding":"chunked"}
[debug] [2021-01-08T17:08:22.547Z] >>> HTTP REQUEST POST https://cloudresourcemanager.googleapis.com/v1/projects/survey-realtime:testIamPermissions  
 {"permissions":["firebase.projects.get","firebasehosting.sites.update"]}
[debug] [2021-01-08T17:08:23.910Z] <<< HTTP RESPONSE 200 {"content-type":"application/json; charset=UTF-8","vary":"X-Origin, Referer, Origin,Accept-Encoding","date":"Fri, 08 Jan 2021 17:08:23 GMT","server":"ESF","cache-control":"private","x-xss-protection":"0","x-frame-options":"SAMEORIGIN","x-content-type-options":"nosniff","server-timing":"gfet4t7; dur=856","alt-svc":"h3-29=\":443\"; ma=2592000,h3-T051=\":443\"; ma=2592000,h3-Q050=\":443\"; ma=2592000,h3-Q046=\":443\"; ma=2592000,h3-Q043=\":443\"; ma=2592000,quic=\":443\"; ma=2592000; v=\"46,43\"","accept-ranges":"none","transfer-encoding":"chunked"}
[debug] [2021-01-08T17:08:23.912Z] >>> HTTP REQUEST GET https://firebase.googleapis.com/v1beta1/projects/survey-realtime  
 
[debug] [2021-01-08T17:08:24.359Z] <<< HTTP RESPONSE 200 {"content-type":"application/json; charset=UTF-8","vary":"X-Origin, Referer, Origin,Accept-Encoding","date":"Fri, 08 Jan 2021 17:08:24 GMT","server":"ESF","cache-control":"private","x-xss-protection":"0","x-frame-options":"SAMEORIGIN","x-content-type-options":"nosniff","alt-svc":"h3-29=\":443\"; ma=2592000,h3-T051=\":443\"; ma=2592000,h3-Q050=\":443\"; ma=2592000,h3-Q046=\":443\"; ma=2592000,h3-Q043=\":443\"; ma=2592000,quic=\":443\"; ma=2592000; v=\"46,43\"","accept-ranges":"none","transfer-encoding":"chunked"}
[info] 
[info] === Deploying to 'survey-realtime'...
[info] 
[info] i  deploying hosting 
[debug] [2021-01-08T17:08:24.371Z] >>> HTTP REQUEST POST https://firebasehosting.googleapis.com/v1beta1/sites/survey-realtime/versions  
 {"config":{"rewrites":[{"glob":"**","path":"/index.html"}]},"labels":{"deployment-tool":"cli-firebase"}}
[debug] [2021-01-08T17:08:27.939Z] <<< HTTP RESPONSE 200 {"content-type":"application/json; charset=UTF-8","vary":"X-Origin, Referer, Origin,Accept-Encoding","date":"Fri, 08 Jan 2021 17:08:27 GMT","server":"ESF","cache-control":"private","x-xss-protection":"0","x-frame-options":"SAMEORIGIN","x-content-type-options":"nosniff","alt-svc":"h3-29=\":443\"; ma=2592000,h3-T051=\":443\"; ma=2592000,h3-Q050=\":443\"; ma=2592000,h3-Q046=\":443\"; ma=2592000,h3-Q043=\":443\"; ma=2592000,quic=\":443\"; ma=2592000; v=\"46,43\"","accept-ranges":"none","transfer-encoding":"chunked"}
[info] i  hosting[survey-realtime]: beginning deploy... 
[info] i  hosting[survey-realtime]: found 18 files in build 
[debug] [2021-01-08T17:08:27.964Z] [hosting] hash cache [YnVpbGQ] not populated
[debug] [2021-01-08T17:08:29.640Z] > refreshing access token with scopes: []
[debug] [2021-01-08T17:08:29.640Z] >>> HTTP REQUEST POST https://www.googleapis.com/oauth2/v3/token  
 <request body omitted>
[debug] [2021-01-08T17:08:29.644Z] [hosting] hash cache [YnVpbGQ] stored for 18 files
[debug] [2021-01-08T17:08:29.645Z] [hosting][hash queue][FINAL] {"max":1664,"min":225,"avg":335,"active":0,"complete":18,"success":18,"errored":0,"retried":0,"total":18,"elapsed":1680}
[debug] [2021-01-08T17:08:29.870Z] <<< HTTP RESPONSE 200 {"pragma":"no-cache","date":"Fri, 08 Jan 2021 17:08:29 GMT","cache-control":"no-cache, no-store, max-age=0, must-revalidate","expires":"Mon, 01 Jan 1990 00:00:00 GMT","content-type":"application/json; charset=utf-8","vary":"X-Origin, Referer, Origin,Accept-Encoding","server":"scaffolding on HTTPServer2","x-xss-protection":"0","x-frame-options":"SAMEORIGIN","x-content-type-options":"nosniff","alt-svc":"h3-29=\":443\"; ma=2592000,h3-T051=\":443\"; ma=2592000,h3-Q050=\":443\"; ma=2592000,h3-Q046=\":443\"; ma=2592000,h3-Q043=\":443\"; ma=2592000,quic=\":443\"; ma=2592000; v=\"46,43\"","accept-ranges":"none","transfer-encoding":"chunked"}
[debug] [2021-01-08T17:08:29.916Z] >>> [apiv2][query] POST https://firebasehosting.googleapis.com/v1beta1/sites/survey-realtime/versions/85fc96c46c60c057:populateFiles [none]
[debug] [2021-01-08T17:08:29.917Z] >>> [apiv2][body] POST https://firebasehosting.googleapis.com/v1beta1/sites/survey-realtime/versions/85fc96c46c60c057:populateFiles {"files":{"/asset-manifest.json":"63eb06959deb762fc359ca84fc81120031972d1942b515b358ca31e40292063d","/index.html":"9185762c2b64aaea396a58247483b8af0d59e8789965e2483e327b00d2e64a78","/manifest.json":"aff3449bdc238776f5d6d967f19ec491b36aed5fb7f23ccff6500736fd58494a","/robots.txt":"bfe106a3fb878dc83461c86818bf74fc1bdc7f28538ba613cd3e775516ce8b49","/logo512.png":"ee7e2f3fdb8209c4b6fd7bef6ba50d1b9dba30a25bb5c3126df057e1cb6f5331","/logo192.png":"3ee59515172ee198f3be375979df15ac5345183e656720a381b8872b2a39dc8b","/favicon.ico":"eae62e993eb980ec8a25058c39d5a51feab118bd2100c4deebb2a9c158ec11f9","/static/css/main.8f3007b1.chunk.css":"5567f5c2499419614d47b76d42fd790950f2ae5da0f95a699530d2d3ea8e29b5","/static/css/main.8f3007b1.chunk.css.map":"ce12b00c3a1ba8f0a29a285fe598d32b0b775948392bd5772c817024b7304c35","/static/js/2.98ae356f.chunk.js.LICENSE.txt":"a153881f778ef5eaa983612f87a1ec60e5497238ed51ce72a99246fda3de4bb4","/static/js/runtime-main.38e4c213.js":"e3b78bd35eb4e79ea27a1b1f22a5531f0f4d44873482db862e1073f2f5eb439e","/static/js/main.b2c4fe69.chunk.js":"1a33bbec2bba1e78d09297c1e1bdbf8dd7f33897fad4415978ba29933078c2c7","/static/css/2.be2863b7.chunk.css":"74bcb025e2d951f9d4e8e9e8f724497493ea7f452cd3e7930913714e6fe6b426","/static/js/runtime-main.38e4c213.js.map":"75cb4fe8594a0354a57f65b48e7348ad0a9e6dbe4c3decb7c110e0e88c74bf13","/static/js/main.b2c4fe69.chunk.js.map":"1240b944d2d8ba02ebba6b14243f01f8a6e856e0da0cd697e8f5d8be4e8dc919","/static/css/2.be2863b7.chunk.css.map":"738f48443d3b9464420a9496d24bdcf61773f959effd3141895f425666ca789e","/static/js/2.98ae356f.chunk.js":"c79b9fece6c3ad3997eba61a251f6947569ed99adda92dad0a610f48d35099e1","/static/js/2.98ae356f.chunk.js.map":"80a0404d3123a23596760d17cd666f92ff65358a60fcb2be7381c12e1be8eafe"}}
[debug] [2021-01-08T17:08:31.282Z] <<< [apiv2][status] POST https://firebasehosting.googleapis.com/v1beta1/sites/survey-realtime/versions/85fc96c46c60c057:populateFiles 200
[debug] [2021-01-08T17:08:31.282Z] <<< [apiv2][body] POST https://firebasehosting.googleapis.com/v1beta1/sites/survey-realtime/versions/85fc96c46c60c057:populateFiles {"uploadRequiredHashes":["80a0404d3123a23596760d17cd666f92ff65358a60fcb2be7381c12e1be8eafe"],"uploadUrl":"https://upload-firebasehosting.googleapis.com/upload/sites/survey-realtime/versions/85fc96c46c60c057/files"}
[debug] [2021-01-08T17:08:31.284Z] >>> [apiv2][query] POST https://upload-firebasehosting.googleapis.com/upload/sites/survey-realtime/versions/85fc96c46c60c057/files/80a0404d3123a23596760d17cd666f92ff65358a60fcb2be7381c12e1be8eafe [none]
[debug] [2021-01-08T17:08:31.284Z] >>> [apiv2][body] POST https://upload-firebasehosting.googleapis.com/upload/sites/survey-realtime/versions/85fc96c46c60c057/files/80a0404d3123a23596760d17cd666f92ff65358a60fcb2be7381c12e1be8eafe [stream]
[debug] [2021-01-08T17:08:31.287Z] [hosting][populate queue][FINAL] {"max":1645,"min":1645,"avg":1645,"active":0,"complete":1,"success":1,"errored":0,"retried":0,"total":1,"elapsed":1648}
[debug] [2021-01-08T17:08:31.287Z] [hosting] uploads queued: 1
[debug] [2021-01-08T17:10:13.022Z] [uploadQueue] Retrying task 80a0404d3123a23596760d17cd666f92ff65358a60fcb2be7381c12e1be8eafe
[debug] [2021-01-08T17:10:13.025Z] >>> [apiv2][query] POST https://upload-firebasehosting.googleapis.com/upload/sites/survey-realtime/versions/85fc96c46c60c057/files/80a0404d3123a23596760d17cd666f92ff65358a60fcb2be7381c12e1be8eafe [none]
[debug] [2021-01-08T17:10:13.025Z] >>> [apiv2][body] POST https://upload-firebasehosting.googleapis.com/upload/sites/survey-realtime/versions/85fc96c46c60c057/files/80a0404d3123a23596760d17cd666f92ff65358a60fcb2be7381c12e1be8eafe [stream]
